{
  "RSpec": {
    "coverage": {
      "/home/misha/rails_projects/swan_rc3/spec/controllers/pages_controller_spec.rb": [
        1,
        null,
        1,
        null,
        1,
        1,
        1,
        1,
        null,
        null,
        null,
        null
      ],
      "/home/misha/rails_projects/swan_rc3/spec/rails_helper.rb": [
        null,
        1,
        1,
        1,
        1,
        null,
        null,
        null,
        null,
        null,
        null,
        null,
        null,
        null,
        null,
        null,
        null,
        null,
        null,
        null,
        null,
        null,
        null,
        null,
        1,
        null,
        1,
        null,
        1,
        null,
        null,
        null,
        null,
        1,
        null,
        null,
        null,
        null,
        null,
        null,
        null,
        null,
        null,
        null,
        null,
        null,
        null,
        null,
        1,
        null
      ],
      "/home/misha/rails_projects/swan_rc3/config/environment.rb": [
        null,
        1,
        null,
        null,
        1
      ],
      "/home/misha/rails_projects/swan_rc3/config/application.rb": [
        1,
        null,
        1,
        null,
        null,
        null,
        1,
        null,
        1,
        1,
        null,
        null,
        null,
        null,
        null,
        null,
        null,
        null,
        null,
        null,
        null,
        null,
        null,
        1,
        null,
        null
      ],
      "/home/misha/rails_projects/swan_rc3/config/boot.rb": [
        1,
        null,
        1
      ],
      "/home/misha/rails_projects/swan_rc3/config/environments/test.rb": [
        1,
        null,
        null,
        null,
        null,
        null,
        null,
        1,
        null,
        null,
        null,
        null,
        1,
        null,
        null,
        1,
        1,
        null,
        null,
        1,
        1,
        null,
        null,
        1,
        null,
        null,
        1,
        null,
        null,
        null,
        null,
        1,
        null,
        null,
        1,
        null,
        null,
        1,
        null,
        null,
        null,
        null
      ],
      "/home/misha/rails_projects/swan_rc3/config/initializers/assets.rb": [
        null,
        null,
        null,
        1,
        null,
        null,
        null,
        null,
        null,
        null,
        null
      ],
      "/home/misha/rails_projects/swan_rc3/config/initializers/backtrace_silencers.rb": [
        null,
        null,
        null,
        null,
        null,
        null,
        null
      ],
      "/home/misha/rails_projects/swan_rc3/config/initializers/cookies_serializer.rb": [
        null,
        null,
        1
      ],
      "/home/misha/rails_projects/swan_rc3/config/initializers/filter_parameter_logging.rb": [
        null,
        null,
        null,
        1
      ],
      "/home/misha/rails_projects/swan_rc3/config/initializers/inflections.rb": [
        null,
        null,
        null,
        null,
        null,
        null,
        null,
        null,
        null,
        null,
        null,
        null,
        null,
        null,
        null,
        null
      ],
      "/home/misha/rails_projects/swan_rc3/config/initializers/mime_types.rb": [
        null,
        null,
        null,
        null
      ],
      "/home/misha/rails_projects/swan_rc3/config/initializers/session_store.rb": [
        null,
        null,
        1
      ],
      "/home/misha/rails_projects/swan_rc3/config/initializers/wrap_parameters.rb": [
        null,
        null,
        null,
        null,
        null,
        null,
        1,
        1,
        null,
        null,
        null,
        null,
        null,
        null
      ],
      "/home/misha/rails_projects/swan_rc3/config/routes.rb": [
        1,
        1,
        null,
        1,
        null,
        1,
        1,
        null,
        null
      ],
      "/home/misha/rails_projects/swan_rc3/app/helpers/admin/pages_helper.rb": [
        1,
        null
      ],
      "/home/misha/rails_projects/swan_rc3/app/helpers/application_helper.rb": [
        1,
        null
      ],
      "/home/misha/rails_projects/swan_rc3/app/helpers/pages_helper.rb": [
        1,
        null
      ],
      "/home/misha/rails_projects/swan_rc3/app/controllers/pages_controller.rb": [
        1,
        1,
        null,
        null,
        null
      ],
      "/home/misha/rails_projects/swan_rc3/app/controllers/application_controller.rb": [
        1,
        null,
        null,
        1,
        null
      ],
      "/home/misha/rails_projects/swan_rc3/spec/helpers/pages_helper_spec.rb": [
        1,
        null,
        null,
        null,
        null,
        null,
        null,
        null,
        null,
        null,
        null,
        null,
        1,
        1,
        null
      ],
      "/home/misha/rails_projects/swan_rc3/spec/models/article_spec.rb": [
        1,
        null,
        1,
        1,
        null
      ],
      "/home/misha/rails_projects/swan_rc3/app/models/article.rb": [
        1,
        null
      ],
      "/home/misha/rails_projects/swan_rc3/spec/models/news_spec.rb": [
        1,
        null,
        1,
        1,
        null
      ],
      "/home/misha/rails_projects/swan_rc3/app/models/news.rb": [
        1,
        null
      ],
      "/home/misha/rails_projects/swan_rc3/spec/requests/view_spec.rb": [
        1,
        null,
        1,
        1,
        1,
        1,
        null,
        null
      ],
      "/home/misha/rails_projects/swan_rc3/spec/views/pages/index.html.erb_spec.rb": [
        1,
        null,
        1,
        1,
        null
      ]
    },
    "timestamp": 1426188547
  }
}
